<?xml version="1.0" encoding="UTF-8"?>
<!-- Generated by org.testng.reporters.JUnitReportReporter -->
<testsuite hostname="5CD93439TM" failures="0" tests="3" name="test.Lec138_XML" time="0.002" errors="0" timestamp="2021-07-13T19:41:56 IST" skipped="0">
  <testcase classname="test.Lec138_XML" name="T2" time="0.002"/>
  <system-out/>
  <testcase classname="test.Lec138_XML" name="T5" time="0.000"/>
  <system-out/>
  <testcase classname="test.Lec138_XML" name="T4" time="0.000"/>
  <system-out/>
</testsuite> <!-- test.Lec138_XML -->
