<?xml version="1.0" encoding="UTF-8"?>
<!-- Generated by org.testng.reporters.JUnitReportReporter -->
<testsuite hostname="5CD93439TM" failures="0" tests="3" name="test.Lec139_Priortize" time="0.002" errors="0" timestamp="2021-07-13T19:41:56 IST" skipped="0">
  <testcase classname="test.Lec139_Priortize" name="Fer" time="0.001"/>
  <system-out/>
  <testcase classname="test.Lec139_Priortize" name="Evil" time="0.001"/>
  <system-out/>
  <testcase classname="test.Lec139_Priortize" name="Luci" time="0.000"/>
  <system-out/>
</testsuite> <!-- test.Lec139_Priortize -->
