<?xml version="1.0" encoding="UTF-8"?>
<!-- Generated by org.testng.reporters.JUnitReportReporter -->
<testsuite hostname="5CD93439TM" failures="0" tests="3" name="test.Test3" time="0.001" errors="0" timestamp="2021-07-13T19:49:27 IST" skipped="1">
  <testcase classname="test.Test3" name="G3" time="0.000"/>
  <system-out/>
  <testcase classname="test.Test3" name="G" time="0.001"/>
  <system-out/>
  <testcase classname="test.Test3" name="G2">
    <skipped/>
  </testcase> <!-- G2 -->
  <system-out/>
</testsuite> <!-- test.Test3 -->
