<?xml version="1.0" encoding="UTF-8"?>
<!-- Generated by org.testng.reporters.JUnitReportReporter -->
<testsuite hostname="5CD93439TM" failures="0" tests="4" name="test.Lec148_DataProvider" time="0.009" errors="0" timestamp="2021-08-14T13:05:59 IST" skipped="0">
  <testcase classname="test.Lec148_DataProvider" name="Evil" time="0.001"/>
  <system-out/>
  <testcase classname="test.Lec148_DataProvider" name="Evil" time="0.006"/>
  <system-out/>
  <testcase classname="test.Lec148_DataProvider" name="Luci" time="0.001"/>
  <system-out/>
  <testcase classname="test.Lec148_DataProvider" name="Evil" time="0.001"/>
  <system-out/>
</testsuite> <!-- test.Lec148_DataProvider -->
