<?xml version="1.0" encoding="UTF-8"?>
<!-- Generated by org.testng.reporters.JUnitReportReporter -->
<testsuite hostname="5CD93439TM" failures="0" tests="2" name="test.Lec137_Run" time="0.004" errors="0" timestamp="2021-07-13T19:41:56 IST" skipped="0">
  <testcase classname="test.Lec137_Run" name="Demo" time="0.003"/>
  <system-out/>
  <testcase classname="test.Lec137_Run" name="Demo1" time="0.001"/>
  <system-out/>
</testsuite> <!-- test.Lec137_Run -->
