<?xml version="1.0" encoding="UTF-8"?>
<!-- Generated by org.testng.reporters.JUnitReportReporter -->
<testsuite hostname="5CD93439TM" failures="0" tests="7" name="test.Lec145_Helper" time="0.015" errors="0" timestamp="2021-07-13T18:47:48 IST" skipped="1">
  <testcase classname="test.Lec145_Helper" name="Demon" time="0.001"/>
  <system-out/>
  <testcase classname="test.Lec145_Helper" name="Tail" time="0.000"/>
  <system-out/>
  <testcase classname="test.Lec145_Helper" name="Demo" time="0.001"/>
  <system-out/>
  <testcase classname="test.Lec145_Helper" name="Demo1" time="0.007"/>
  <system-out/>
  <testcase classname="test.Lec145_Helper" name="Head" time="0.001"/>
  <system-out/>
  <testcase classname="test.Lec145_Helper" name="Zack" time="0.005"/>
  <system-out/>
  <testcase classname="test.Lec145_Helper" name="Evil">
    <skipped/>
  </testcase> <!-- Evil -->
  <system-out/>
</testsuite> <!-- test.Lec145_Helper -->
