<?xml version="1.0" encoding="UTF-8"?>
<!-- Generated by org.testng.reporters.JUnitReportReporter -->
<testsuite hostname="5CD93439TM" failures="0" tests="1" name="Lec138_XMLfile" time="0.007" errors="0" timestamp="2021-07-10T15:59:10 IST" skipped="0">
  <testcase classname="Lec138_XMLfile" name="Test" time="0.007"/>
  <system-out/>
</testsuite> <!-- Lec138_XMLfile -->
