<?xml version="1.0" encoding="UTF-8"?>
<!-- Generated by org.testng.reporters.JUnitReportReporter -->
<testsuite hostname="5CD93439TM" failures="0" tests="1" name="Lec137_RunTESTNG" time="0.006" errors="0" timestamp="2021-07-10T15:58:25 IST" skipped="0">
  <testcase classname="Lec137_RunTESTNG" name="Demo" time="0.006"/>
  <system-out/>
</testsuite> <!-- Lec137_RunTESTNG -->
